Arguments: 
  /Users/adamdbiagianti/.nvm/versions/node/v8.9.4/bin/node /usr/local/Cellar/yarn/1.5.1_1/libexec/bin/yarn.js start

PATH: 
  /Users/adamdbiagianti/Library/Python/2.7/bin:/Users/adamdbiagianti/.nvm/versions/node/v8.9.4/bin:/Users/adamdbiagianti/.pyenv/shims:/Users/adamdbiagianti/.pyenv/bin:/Users/adamdbiagianti/.rvm/gems/ruby-2.3.3/bin:/Users/adamdbiagianti/.rvm/gems/ruby-2.3.3@global/bin:/Users/adamdbiagianti/.rvm/rubies/ruby-2.3.3/bin:/Users/adamdbiagianti/.gvm/bin:/usr/local/bin:/usr/bin:/bin:/usr/sbin:/sbin:/Users/adamdbiagianti/.rvm/bin

Yarn version: 
  1.5.1

Node version: 
  8.9.4

Platform: 
  darwin x64

npm manifest: 
  {
    "name": "polygon-deform",
    "version": "1.0.0",
    "description": "",
    "main": "index.js",
    "scripts": {
      "test": "echo \"Error: no test specified\" && exit 1",
      "watch": "webpack --watch"
    },
    "keywords": [],
    "author": "",
    "license": "ISC",
    "dependencies": {
      "receptor": "^2.2.1",
      "redux": "^4.0.0"
    },
    "devDependencies": {
      "babel-core": "^6.24.1",
      "babel-loader": "^7.0.0",
      "babel-plugin-transform-object-rest-spread": "^6.26.0",
      "babel-preset-env": "^1.7.0",
      "babel-preset-es2016": "^6.24.1",
      "webpack": "^2.6.1"
    }
  }

yarn manifest: 
  No manifest

Lockfile: 
  No lockfile

Trace: 
  Error: Command "start" not found.
      at new MessageError (/usr/local/Cellar/yarn/1.5.1_1/libexec/lib/cli.js:186:110)
      at /usr/local/Cellar/yarn/1.5.1_1/libexec/lib/cli.js:87307:17
      at Generator.next (<anonymous>)
      at step (/usr/local/Cellar/yarn/1.5.1_1/libexec/lib/cli.js:98:30)
      at /usr/local/Cellar/yarn/1.5.1_1/libexec/lib/cli.js:116:14
      at new Promise (<anonymous>)
      at new F (/usr/local/Cellar/yarn/1.5.1_1/libexec/lib/cli.js:23451:28)
      at /usr/local/Cellar/yarn/1.5.1_1/libexec/lib/cli.js:95:12
      at runCommand (/usr/local/Cellar/yarn/1.5.1_1/libexec/lib/cli.js:87312:22)
      at Object.<anonymous> (/usr/local/Cellar/yarn/1.5.1_1/libexec/lib/cli.js:87412:14)
